Build started 9/16/2018 11:16:52 PM.
     1>Project "C:\tahawork\Semester 4\Data Structures\Linear Probing\Linear Probing\Linear Probing.vcxproj" on node 2 (build target(s)).
     1>InitializeBuildStatus:
         Touching "Debug\Linear Probing.unsuccessfulbuild".
       ClCompile:
         All outputs are up-to-date.
         c:\Program Files (x86)\Microsoft Visual Studio 10.0\VC\bin\CL.exe /c /ZI /nologo /W3 /WX- /Od /Oy- /D WIN32 /D _DEBUG /D _CONSOLE /D _UNICODE /D UNICODE /Gm /EHsc /RTC1 /MDd /GS /fp:precise /Zc:wchar_t /Zc:forScope /Fo"Debug\\" /Fd"Debug\vc100.pdb" /Gd /TP /analyze- /errorReport:prompt "Linear Probing.cpp"
         Linear Probing.cpp
     1>c:\tahawork\semester 4\data structures\linear probing\linear probing\linear probing.cpp(82): warning C4715: 'Linear_Probbing' : not all control paths return a value
     1>c:\tahawork\semester 4\data structures\linear probing\linear probing\linear probing.cpp(115): error C4716: 'Hashing_Search' : must return a value
     1>Done Building Project "C:\tahawork\Semester 4\Data Structures\Linear Probing\Linear Probing\Linear Probing.vcxproj" (build target(s)) -- FAILED.

Build FAILED.

Time Elapsed 00:00:02.15
