Build started 11/10/2018 10:20:27 AM.
     1>Project "C:\tahawork\Semester 4\Data Structures\dfs AND bfs\dfs AND bfs\dfs AND bfs.vcxproj" on node 2 (build target(s)).
     1>InitializeBuildStatus:
         Touching "Debug\dfs AND bfs.unsuccessfulbuild".
       ClCompile:
         All outputs are up-to-date.
         c:\Program Files (x86)\Microsoft Visual Studio 10.0\VC\bin\CL.exe /c /ZI /nologo /W3 /WX- /Od /Oy- /D WIN32 /D _DEBUG /D _CONSOLE /D _UNICODE /D UNICODE /Gm /EHsc /RTC1 /MDd /GS /fp:precise /Zc:wchar_t /Zc:forScope /Fo"Debug\\" /Fd"Debug\vc100.pdb" /Gd /TP /analyze- /errorReport:prompt "dfs AND bfs.cpp"
         dfs AND bfs.cpp
     1>c:\tahawork\semester 4\data structures\dfs and bfs\dfs and bfs\dfs and bfs.cpp(12): error C2864: 'Vertex::visted' : only static const integral data members can be initialized within a class
     1>c:\tahawork\semester 4\data structures\dfs and bfs\dfs and bfs\dfs and bfs.cpp(283): warning C4390: ';' : empty controlled statement found; is this the intent?
     1>Done Building Project "C:\tahawork\Semester 4\Data Structures\dfs AND bfs\dfs AND bfs\dfs AND bfs.vcxproj" (build target(s)) -- FAILED.

Build FAILED.

Time Elapsed 00:00:00.50
